<?xml version="1.0" encoding="UTF-8"?>
<testng-results ignored="0" total="2" passed="2" failed="0" skipped="0">
  <reporter-output>
  </reporter-output>
  <suite started-at="2022-07-15T09:56:45 IST" name="Default suite" finished-at="2022-07-15T09:56:53 IST" duration-ms="7855">
    <groups>
    </groups>
    <test started-at="2022-07-15T09:56:45 IST" name="Default test" finished-at="2022-07-15T09:56:53 IST" duration-ms="7855">
      <class name="com.testngrun.TestNg_Run">
        <test-method signature="browserLaunch()[pri:0, instance:com.testngrun.TestNg_Run@2f162cc0]" started-at="2022-07-15T09:56:46 IST" name="browserLaunch" finished-at="2022-07-15T09:56:52 IST" duration-ms="6208" status="PASS">
          <reporter-output>
          </reporter-output>
        </test-method> <!-- browserLaunch -->
        <test-method signature="logIn()[pri:0, instance:com.testngrun.TestNg_Run@2f162cc0]" started-at="2022-07-15T09:56:52 IST" name="logIn" finished-at="2022-07-15T09:56:53 IST" duration-ms="1618" status="PASS">
          <reporter-output>
          </reporter-output>
        </test-method> <!-- logIn -->
      </class> <!-- com.testngrun.TestNg_Run -->
    </test> <!-- Default test -->
  </suite> <!-- Default suite -->
</testng-results>
